<?xml version="1.0" encoding="UTF-8"?>
<!-- Generated by org.testng.reporters.JUnitReportReporter -->
<testsuite hostname="DESKTOP-JCJ8HOK" failures="0" tests="1" name="testcases.PortfolioManagment" time="0.002" errors="0" timestamp="2021-09-24T08:27:45 IST" skipped="0">
  <testcase classname="testcases.PortfolioManagment" name="createPortfolio" time="0.002"/>
  <system-out/>
</testsuite> <!-- testcases.PortfolioManagment -->
