<?xml version="1.0" encoding="UTF-8"?>
<!-- Generated by org.testng.reporters.JUnitReportReporter -->
<testsuite hostname="DESKTOP-JCJ8HOK" failures="0" tests="1" name="testcases.Sessions" time="9.333" errors="0" timestamp="2021-09-24T08:27:45 IST" skipped="0">
  <testcase classname="testcases.Sessions" name="doLogin" time="9.333"/>
  <system-out/>
</testsuite> <!-- testcases.Sessions -->
